<?xml version="1.0" encoding="UTF-8"?>
<!-- Generated by org.testng.reporters.JUnitReportReporter -->
<testsuite hostname="cml-1101" failures="0" tests="1" name="uk.co.automationtesting.AddRemoveItemBasketTest" time="13.326" errors="0" timestamp="2023-10-03T10:20:15 EEST" skipped="0">
  <testcase classname="uk.co.automationtesting.AddRemoveItemBasketTest" name="addRemoveItem" time="13.326"/>
  <system-out/>
</testsuite> <!-- uk.co.automationtesting.AddRemoveItemBasketTest -->
